<?xml version="1.0" encoding="UTF-8"?>
<testsuite xmlns:xsi="http://www.w3.org/2001/XMLSchema-instance" xsi:noNamespaceSchemaLocation="https://maven.apache.org/surefire/maven-surefire-plugin/xsd/surefire-test-report-3.0.xsd" version="3.0" name="test.UsuarioServiceTest" time="1.149" tests="8" errors="0" skipped="0" failures="0">
  <properties>
[...]
</properties>
  <testcase name="testActualizarUsuarioConCambioDePassword" classname="test.UsuarioServiceTest" time="1.077">
    <system-out><![CDATA[17:14:59,070 |-INFO in ch.qos.logback.classic.LoggerContext[default] - This is logback-classic version 1.4.11
17:14:59,070 |-INFO in ch.qos.logback.classic.util.ContextInitializer@2f4919b0 - No custom configurators were discovered as a service.
17:14:59,070 |-INFO in ch.qos.logback.classic.util.ContextInitializer@2f4919b0 - Trying to configure with ch.qos.logback.classic.joran.SerializedModelConfigurator
17:14:59,070 |-INFO in ch.qos.logback.classic.util.ContextInitializer@2f4919b0 - Constructed configurator of type class ch.qos.logback.classic.joran.SerializedModelConfigurator
17:14:59,086 |-INFO in ch.qos.logback.classic.LoggerContext[default] - Could NOT find resource [logback-test.scmo]
17:14:59,086 |-INFO in ch.qos.logback.classic.LoggerContext[default] - Could NOT find resource [logback.scmo]
17:14:59,086 |-INFO in ch.qos.logback.classic.util.ContextInitializer@2f4919b0 - ch.qos.logback.classic.joran.SerializedModelConfigurator.configure() call lasted 16 milliseconds. ExecutionStatus=INVOKE_NEXT_IF_ANY
17:14:59,086 |-INFO in ch.qos.logback.classic.util.ContextInitializer@2f4919b0 - Trying to configure with ch.qos.logback.classic.util.DefaultJoranConfigurator
17:14:59,102 |-INFO in ch.qos.logback.classic.util.ContextInitializer@2f4919b0 - Constructed configurator of type class ch.qos.logback.classic.util.DefaultJoranConfigurator
17:14:59,102 |-INFO in ch.qos.logback.classic.LoggerContext[default] - Could NOT find resource [logback-test.xml]
17:14:59,102 |-INFO in ch.qos.logback.classic.LoggerContext[default] - Found resource [logback.xml] at [file:/C:/Users/JAMES/Desktop/FERRETERIABJ/target/classes/logback.xml]
17:14:59,165 |-INFO in ch.qos.logback.core.model.processor.AppenderModelHandler - Processing appender named [CONSOLE]
17:14:59,165 |-INFO in ch.qos.logback.core.model.processor.AppenderModelHandler - About to instantiate appender of type [ch.qos.logback.core.ConsoleAppender]
17:14:59,165 |-INFO in ch.qos.logback.core.model.processor.ImplicitModelHandler - Assuming default type [ch.qos.logback.classic.encoder.PatternLayoutEncoder] for [encoder] property
17:14:59,181 |-INFO in ch.qos.logback.core.model.processor.AppenderModelHandler - Processing appender named [FILE]
17:14:59,181 |-INFO in ch.qos.logback.core.model.processor.AppenderModelHandler - About to instantiate appender of type [ch.qos.logback.core.FileAppender]
17:14:59,181 |-INFO in ch.qos.logback.core.model.processor.ImplicitModelHandler - Assuming default type [ch.qos.logback.classic.encoder.PatternLayoutEncoder] for [encoder] property
17:14:59,181 |-INFO in ch.qos.logback.core.FileAppender[FILE] - File property is set to [logs/app.log]
17:14:59,181 |-INFO in ch.qos.logback.classic.model.processor.RootLoggerModelHandler - Setting level of ROOT logger to DEBUG
17:14:59,181 |-INFO in ch.qos.logback.core.model.processor.AppenderRefModelHandler - Attaching appender named [CONSOLE] to Logger[ROOT]
17:14:59,181 |-INFO in ch.qos.logback.core.model.processor.AppenderRefModelHandler - Attaching appender named [FILE] to Logger[ROOT]
17:14:59,181 |-INFO in ch.qos.logback.core.model.processor.DefaultProcessor@6d91790b - End of configuration.
17:14:59,181 |-INFO in ch.qos.logback.classic.joran.JoranConfigurator@1a5b8489 - Registering current configuration as safe fallback point
17:14:59,181 |-INFO in ch.qos.logback.classic.util.ContextInitializer@2f4919b0 - ch.qos.logback.classic.util.DefaultJoranConfigurator.configure() call lasted 79 milliseconds. ExecutionStatus=DO_NOT_INVOKE_NEXT_IF_ANY
]]></system-out>
    <system-err><![CDATA[WARNING: A Java agent has been loaded dynamically (C:\Users\JAMES\.m2\repository\net\bytebuddy\byte-buddy-agent\1.14.15\byte-buddy-agent-1.14.15.jar)
WARNING: If a serviceability tool is in use, please run with -XX:+EnableDynamicAgentLoading to hide this warning
WARNING: If a serviceability tool is not in use, please run with -Djdk.instrument.traceUsage for more information
WARNING: Dynamic loading of agents will be disallowed by default in a future release
]]></system-err>
  </testcase>
  <testcase name="testRegistrarUsuarioExitoso" classname="test.UsuarioServiceTest" time="0.004"/>
  <testcase name="testObtenerUsuarioPorIdInexistente" classname="test.UsuarioServiceTest" time="0.011">
    <system-out><![CDATA[17:14:59 WARN  service.UsuarioService - No se encontró usuario con ID: 999
]]></system-out>
  </testcase>
  <testcase name="testValidarDuplicadosDni" classname="test.UsuarioServiceTest" time="0.006">
    <system-out><![CDATA[17:14:59 WARN  service.UsuarioService - DNI duplicado detectado: 12345678
]]></system-out>
  </testcase>
  <testcase name="testValidarDuplicadosUsername" classname="test.UsuarioServiceTest" time="0.0">
    <system-out><![CDATA[17:14:59 WARN  service.UsuarioService - Username duplicado detectado: usuario5
]]></system-out>
  </testcase>
  <testcase name="testAutenticarUsuarioIncorrecto" classname="test.UsuarioServiceTest" time="0.014">
    <system-out><![CDATA[17:14:59 WARN  service.UsuarioService - Fallo en autenticación para usuario: admin
]]></system-out>
  </testcase>
  <testcase name="testObtenerUsuarioPorIdExistente" classname="test.UsuarioServiceTest" time="0.009"/>
  <testcase name="testAutenticarUsuarioCorrectoEstado0" classname="test.UsuarioServiceTest" time="0.005"/>
</testsuite>